Performing C SOURCE FILE Test CMAKE_HAVE_LIBC_PTHREAD failed with the following output:
Change Dir: /home/saucenschwinger/Workspace/rt_viewer/build/CMakeFiles/CMakeTmp

Run Build Command(s):/usr/bin/gmake cmTC_518ba/fast && /usr/bin/gmake  -f CMakeFiles/cmTC_518ba.dir/build.make CMakeFiles/cmTC_518ba.dir/build
gmake[1]: Entering directory '/home/saucenschwinger/Workspace/rt_viewer/build/CMakeFiles/CMakeTmp'
Building C object CMakeFiles/cmTC_518ba.dir/src.c.o
/usr/bin/cc -DCMAKE_HAVE_LIBC_PTHREAD   -o CMakeFiles/cmTC_518ba.dir/src.c.o -c /home/saucenschwinger/Workspace/rt_viewer/build/CMakeFiles/CMakeTmp/src.c
Linking C executable cmTC_518ba
/usr/bin/cmake -E cmake_link_script CMakeFiles/cmTC_518ba.dir/link.txt --verbose=1
/usr/bin/cc -rdynamic CMakeFiles/cmTC_518ba.dir/src.c.o -o cmTC_518ba 
/usr/bin/ld: CMakeFiles/cmTC_518ba.dir/src.c.o: in function `main':
src.c:(.text+0x2d): undefined reference to `pthread_create'
/usr/bin/ld: src.c:(.text+0x39): undefined reference to `pthread_detach'
/usr/bin/ld: src.c:(.text+0x45): undefined reference to `pthread_cancel'
/usr/bin/ld: src.c:(.text+0x56): undefined reference to `pthread_join'
collect2: error: ld returned 1 exit status
gmake[1]: *** [CMakeFiles/cmTC_518ba.dir/build.make:106: cmTC_518ba] Error 1
gmake[1]: Leaving directory '/home/saucenschwinger/Workspace/rt_viewer/build/CMakeFiles/CMakeTmp'
gmake: *** [Makefile:140: cmTC_518ba/fast] Error 2


Source file was:
#include <pthread.h>

static void* test_func(void* data)
{
  return data;
}

int main(void)
{
  pthread_t thread;
  pthread_create(&thread, NULL, test_func, NULL);
  pthread_detach(thread);
  pthread_cancel(thread);
  pthread_join(thread, NULL);
  pthread_atfork(NULL, NULL, NULL);
  pthread_exit(NULL);

  return 0;
}

Determining if the function pthread_create exists in the pthreads failed with the following output:
Change Dir: /home/saucenschwinger/Workspace/rt_viewer/build/CMakeFiles/CMakeTmp

Run Build Command(s):/usr/bin/gmake cmTC_c4404/fast && /usr/bin/gmake  -f CMakeFiles/cmTC_c4404.dir/build.make CMakeFiles/cmTC_c4404.dir/build
gmake[1]: Entering directory '/home/saucenschwinger/Workspace/rt_viewer/build/CMakeFiles/CMakeTmp'
Building C object CMakeFiles/cmTC_c4404.dir/CheckFunctionExists.c.o
/usr/bin/cc   -DCHECK_FUNCTION_EXISTS=pthread_create -o CMakeFiles/cmTC_c4404.dir/CheckFunctionExists.c.o -c /usr/share/cmake/Modules/CheckFunctionExists.c
Linking C executable cmTC_c4404
/usr/bin/cmake -E cmake_link_script CMakeFiles/cmTC_c4404.dir/link.txt --verbose=1
/usr/bin/cc  -DCHECK_FUNCTION_EXISTS=pthread_create -rdynamic CMakeFiles/cmTC_c4404.dir/CheckFunctionExists.c.o -o cmTC_c4404  -lpthreads 
/usr/bin/ld: cannot find -lpthreads
collect2: error: ld returned 1 exit status
gmake[1]: *** [CMakeFiles/cmTC_c4404.dir/build.make:106: cmTC_c4404] Error 1
gmake[1]: Leaving directory '/home/saucenschwinger/Workspace/rt_viewer/build/CMakeFiles/CMakeTmp'
gmake: *** [Makefile:140: cmTC_c4404/fast] Error 2



Determining if the function glXGetProcAddressEXT exists failed with the following output:
Change Dir: /home/saucenschwinger/Workspace/rt_viewer/build/CMakeFiles/CMakeTmp

Run Build Command(s):/usr/bin/gmake cmTC_ad199/fast && /usr/bin/gmake  -f CMakeFiles/cmTC_ad199.dir/build.make CMakeFiles/cmTC_ad199.dir/build
gmake[1]: Entering directory '/home/saucenschwinger/Workspace/rt_viewer/build/CMakeFiles/CMakeTmp'
Building C object CMakeFiles/cmTC_ad199.dir/CheckFunctionExists.c.o
/usr/bin/cc   -DCHECK_FUNCTION_EXISTS=glXGetProcAddressEXT -o CMakeFiles/cmTC_ad199.dir/CheckFunctionExists.c.o -c /usr/share/cmake/Modules/CheckFunctionExists.c
Linking C executable cmTC_ad199
/usr/bin/cmake -E cmake_link_script CMakeFiles/cmTC_ad199.dir/link.txt --verbose=1
/usr/bin/cc  -DCHECK_FUNCTION_EXISTS=glXGetProcAddressEXT -rdynamic CMakeFiles/cmTC_ad199.dir/CheckFunctionExists.c.o -o cmTC_ad199  /usr/lib64/libGL.so 
/usr/bin/ld: CMakeFiles/cmTC_ad199.dir/CheckFunctionExists.c.o: in function `main':
CheckFunctionExists.c:(.text+0x10): undefined reference to `glXGetProcAddressEXT'
collect2: error: ld returned 1 exit status
gmake[1]: *** [CMakeFiles/cmTC_ad199.dir/build.make:107: cmTC_ad199] Error 1
gmake[1]: Leaving directory '/home/saucenschwinger/Workspace/rt_viewer/build/CMakeFiles/CMakeTmp'
gmake: *** [Makefile:140: cmTC_ad199/fast] Error 2



